[2017-01-26 11:16:46] local.ERROR: PDOException: SQLSTATE[42000]: Syntax error or access violation: 1072 Key column 'user_id' doesn't exist in table in /home/vagrant/phpServer/twitter/vendor/laravel/framework/src/Illuminate/Database/Connection.php:449
Stack trace:
#0 /home/vagrant/phpServer/twitter/vendor/laravel/framework/src/Illuminate/Database/Connection.php(449): PDOStatement->execute()
#1 /home/vagrant/phpServer/twitter/vendor/laravel/framework/src/Illuminate/Database/Connection.php(640): Illuminate\Database\Connection->Illuminate\Database\{closure}('alter table `po...', Array)
#2 /home/vagrant/phpServer/twitter/vendor/laravel/framework/src/Illuminate/Database/Connection.php(607): Illuminate\Database\Connection->runQueryCallback('alter table `po...', Array, Object(Closure))
#3 /home/vagrant/phpServer/twitter/vendor/laravel/framework/src/Illuminate/Database/Connection.php(450): Illuminate\Database\Connection->run('alter table `po...', Array, Object(Closure))
#4 /home/vagrant/phpServer/twitter/vendor/laravel/framework/src/Illuminate/Database/Schema/Blueprint.php(83): Illuminate\Database\Connection->statement('alter table `po...')
#5 /home/vagrant/phpServer/twitter/vendor/laravel/framework/src/Illuminate/Database/Schema/Builder.php(239): Illuminate\Database\Schema\Blueprint->build(Object(Illuminate\Database\MySqlConnection), Object(Illuminate\Database\Schema\Grammars\MySqlGrammar))
#6 /home/vagrant/phpServer/twitter/vendor/laravel/framework/src/Illuminate/Database/Schema/Builder.php(164): Illuminate\Database\Schema\Builder->build(Object(Illuminate\Database\Schema\Blueprint))
#7 /home/vagrant/phpServer/twitter/vendor/laravel/framework/src/Illuminate/Support/Facades/Facade.php(221): Illuminate\Database\Schema\Builder->create('posts', Object(Closure))
#8 /home/vagrant/phpServer/twitter/database/migrations/2017_01_26_111247_create_post_table.php(23): Illuminate\Support\Facades\Facade::__callStatic('create', Array)
#9 /home/vagrant/phpServer/twitter/vendor/laravel/framework/src/Illuminate/Database/Migrations/Migrator.php(348): CreatePostTable->up()
#10 /home/vagrant/phpServer/twitter/vendor/laravel/framework/src/Illuminate/Database/Migrations/Migrator.php(353): Illuminate\Database\Migrations\Migrator->Illuminate\Database\Migrations\{closure}()
#11 /home/vagrant/phpServer/twitter/vendor/laravel/framework/src/Illuminate/Database/Migrations/Migrator.php(175): Illuminate\Database\Migrations\Migrator->runMigration(Object(CreatePostTable), 'up')
#12 /home/vagrant/phpServer/twitter/vendor/laravel/framework/src/Illuminate/Database/Migrations/Migrator.php(146): Illuminate\Database\Migrations\Migrator->runUp('/home/vagrant/p...', 2, false)
#13 /home/vagrant/phpServer/twitter/vendor/laravel/framework/src/Illuminate/Database/Migrations/Migrator.php(95): Illuminate\Database\Migrations\Migrator->runPending(Array, Array)
#14 /home/vagrant/phpServer/twitter/vendor/laravel/framework/src/Illuminate/Database/Console/Migrations/MigrateCommand.php(69): Illuminate\Database\Migrations\Migrator->run(Array, Array)
#15 [internal function]: Illuminate\Database\Console\Migrations\MigrateCommand->fire()
#16 /home/vagrant/phpServer/twitter/vendor/laravel/framework/src/Illuminate/Container/BoundMethod.php(28): call_user_func_array(Array, Array)
#17 /home/vagrant/phpServer/twitter/vendor/laravel/framework/src/Illuminate/Support/helpers.php(912): Illuminate\Container\BoundMethod::Illuminate\Container\{closure}()
#18 /home/vagrant/phpServer/twitter/vendor/laravel/framework/src/Illuminate/Container/BoundMethod.php(86): value(Object(Closure))
#19 /home/vagrant/phpServer/twitter/vendor/laravel/framework/src/Illuminate/Container/BoundMethod.php(30): Illuminate\Container\BoundMethod::callBoundMethod(Object(Illuminate\Foundation\Application), Array, Object(Closure))
#20 /home/vagrant/phpServer/twitter/vendor/laravel/framework/src/Illuminate/Container/Container.php(524): Illuminate\Container\BoundMethod::call(Object(Illuminate\Foundation\Application), Array, Array, NULL)
#21 /home/vagrant/phpServer/twitter/vendor/laravel/framework/src/Illuminate/Console/Command.php(182): Illuminate\Container\Container->call(Array)
#22 /home/vagrant/phpServer/twitter/vendor/symfony/console/Command/Command.php(262): Illuminate\Console\Command->execute(Object(Symfony\Component\Console\Input\ArgvInput), Object(Illuminate\Console\OutputStyle))
#23 /home/vagrant/phpServer/twitter/vendor/laravel/framework/src/Illuminate/Console/Command.php(167): Symfony\Component\Console\Command\Command->run(Object(Symfony\Component\Console\Input\ArgvInput), Object(Illuminate\Console\OutputStyle))
#24 /home/vagrant/phpServer/twitter/vendor/symfony/console/Application.php(826): Illuminate\Console\Command->run(Object(Symfony\Component\Console\Input\ArgvInput), Object(Symfony\Component\Console\Output\ConsoleOutput))
#25 /home/vagrant/phpServer/twitter/vendor/symfony/console/Application.php(189): Symfony\Component\Console\Application->doRunCommand(Object(Illuminate\Database\Console\Migrations\MigrateCommand), Object(Symfony\Component\Console\Input\ArgvInput), Object(Symfony\Component\Console\Output\ConsoleOutput))
#26 /home/vagrant/phpServer/twitter/vendor/symfony/console/Application.php(120): Symfony\Component\Console\Application->doRun(Object(Symfony\Component\Console\Input\ArgvInput), Object(Symfony\Component\Console\Output\ConsoleOutput))
#27 /home/vagrant/phpServer/twitter/vendor/laravel/framework/src/Illuminate/Foundation/Console/Kernel.php(123): Symfony\Component\Console\Application->run(Object(Symfony\Component\Console\Input\ArgvInput), Object(Symfony\Component\Console\Output\ConsoleOutput))
#28 /home/vagrant/phpServer/twitter/artisan(35): Illuminate\Foundation\Console\Kernel->handle(Object(Symfony\Component\Console\Input\ArgvInput), Object(Symfony\Component\Console\Output\ConsoleOutput))
#29 {main}

Next Illuminate\Database\QueryException: SQLSTATE[42000]: Syntax error or access violation: 1072 Key column 'user_id' doesn't exist in table (SQL: alter table `posts` add constraint `posts_user_id_foreign` foreign key (`user_id`) references `users` (`id`) on delete cascade) in /home/vagrant/phpServer/twitter/vendor/laravel/framework/src/Illuminate/Database/Connection.php:647
Stack trace:
#0 /home/vagrant/phpServer/twitter/vendor/laravel/framework/src/Illuminate/Database/Connection.php(607): Illuminate\Database\Connection->runQueryCallback('alter table `po...', Array, Object(Closure))
#1 /home/vagrant/phpServer/twitter/vendor/laravel/framework/src/Illuminate/Database/Connection.php(450): Illuminate\Database\Connection->run('alter table `po...', Array, Object(Closure))
#2 /home/vagrant/phpServer/twitter/vendor/laravel/framework/src/Illuminate/Database/Schema/Blueprint.php(83): Illuminate\Database\Connection->statement('alter table `po...')
#3 /home/vagrant/phpServer/twitter/vendor/laravel/framework/src/Illuminate/Database/Schema/Builder.php(239): Illuminate\Database\Schema\Blueprint->build(Object(Illuminate\Database\MySqlConnection), Object(Illuminate\Database\Schema\Grammars\MySqlGrammar))
#4 /home/vagrant/phpServer/twitter/vendor/laravel/framework/src/Illuminate/Database/Schema/Builder.php(164): Illuminate\Database\Schema\Builder->build(Object(Illuminate\Database\Schema\Blueprint))
#5 /home/vagrant/phpServer/twitter/vendor/laravel/framework/src/Illuminate/Support/Facades/Facade.php(221): Illuminate\Database\Schema\Builder->create('posts', Object(Closure))
#6 /home/vagrant/phpServer/twitter/database/migrations/2017_01_26_111247_create_post_table.php(23): Illuminate\Support\Facades\Facade::__callStatic('create', Array)
#7 /home/vagrant/phpServer/twitter/vendor/laravel/framework/src/Illuminate/Database/Migrations/Migrator.php(348): CreatePostTable->up()
#8 /home/vagrant/phpServer/twitter/vendor/laravel/framework/src/Illuminate/Database/Migrations/Migrator.php(353): Illuminate\Database\Migrations\Migrator->Illuminate\Database\Migrations\{closure}()
#9 /home/vagrant/phpServer/twitter/vendor/laravel/framework/src/Illuminate/Database/Migrations/Migrator.php(175): Illuminate\Database\Migrations\Migrator->runMigration(Object(CreatePostTable), 'up')
#10 /home/vagrant/phpServer/twitter/vendor/laravel/framework/src/Illuminate/Database/Migrations/Migrator.php(146): Illuminate\Database\Migrations\Migrator->runUp('/home/vagrant/p...', 2, false)
#11 /home/vagrant/phpServer/twitter/vendor/laravel/framework/src/Illuminate/Database/Migrations/Migrator.php(95): Illuminate\Database\Migrations\Migrator->runPending(Array, Array)
#12 /home/vagrant/phpServer/twitter/vendor/laravel/framework/src/Illuminate/Database/Console/Migrations/MigrateCommand.php(69): Illuminate\Database\Migrations\Migrator->run(Array, Array)
#13 [internal function]: Illuminate\Database\Console\Migrations\MigrateCommand->fire()
#14 /home/vagrant/phpServer/twitter/vendor/laravel/framework/src/Illuminate/Container/BoundMethod.php(28): call_user_func_array(Array, Array)
#15 /home/vagrant/phpServer/twitter/vendor/laravel/framework/src/Illuminate/Support/helpers.php(912): Illuminate\Container\BoundMethod::Illuminate\Container\{closure}()
#16 /home/vagrant/phpServer/twitter/vendor/laravel/framework/src/Illuminate/Container/BoundMethod.php(86): value(Object(Closure))
#17 /home/vagrant/phpServer/twitter/vendor/laravel/framework/src/Illuminate/Container/BoundMethod.php(30): Illuminate\Container\BoundMethod::callBoundMethod(Object(Illuminate\Foundation\Application), Array, Object(Closure))
#18 /home/vagrant/phpServer/twitter/vendor/laravel/framework/src/Illuminate/Container/Container.php(524): Illuminate\Container\BoundMethod::call(Object(Illuminate\Foundation\Application), Array, Array, NULL)
#19 /home/vagrant/phpServer/twitter/vendor/laravel/framework/src/Illuminate/Console/Command.php(182): Illuminate\Container\Container->call(Array)
#20 /home/vagrant/phpServer/twitter/vendor/symfony/console/Command/Command.php(262): Illuminate\Console\Command->execute(Object(Symfony\Component\Console\Input\ArgvInput), Object(Illuminate\Console\OutputStyle))
#21 /home/vagrant/phpServer/twitter/vendor/laravel/framework/src/Illuminate/Console/Command.php(167): Symfony\Component\Console\Command\Command->run(Object(Symfony\Component\Console\Input\ArgvInput), Object(Illuminate\Console\OutputStyle))
#22 /home/vagrant/phpServer/twitter/vendor/symfony/console/Application.php(826): Illuminate\Console\Command->run(Object(Symfony\Component\Console\Input\ArgvInput), Object(Symfony\Component\Console\Output\ConsoleOutput))
#23 /home/vagrant/phpServer/twitter/vendor/symfony/console/Application.php(189): Symfony\Component\Console\Application->doRunCommand(Object(Illuminate\Database\Console\Migrations\MigrateCommand), Object(Symfony\Component\Console\Input\ArgvInput), Object(Symfony\Component\Console\Output\ConsoleOutput))
#24 /home/vagrant/phpServer/twitter/vendor/symfony/console/Application.php(120): Symfony\Component\Console\Application->doRun(Object(Symfony\Component\Console\Input\ArgvInput), Object(Symfony\Component\Console\Output\ConsoleOutput))
#25 /home/vagrant/phpServer/twitter/vendor/laravel/framework/src/Illuminate/Foundation/Console/Kernel.php(123): Symfony\Component\Console\Application->run(Object(Symfony\Component\Console\Input\ArgvInput), Object(Symfony\Component\Console\Output\ConsoleOutput))
#26 /home/vagrant/phpServer/twitter/artisan(35): Illuminate\Foundation\Console\Kernel->handle(Object(Symfony\Component\Console\Input\ArgvInput), Object(Symfony\Component\Console\Output\ConsoleOutput))
#27 {main}  
[2017-01-26 11:17:13] local.ERROR: PDOException: SQLSTATE[42S01]: Base table or view already exists: 1050 Table 'posts' already exists in /home/vagrant/phpServer/twitter/vendor/laravel/framework/src/Illuminate/Database/Connection.php:449
Stack trace:
#0 /home/vagrant/phpServer/twitter/vendor/laravel/framework/src/Illuminate/Database/Connection.php(449): PDOStatement->execute()
#1 /home/vagrant/phpServer/twitter/vendor/laravel/framework/src/Illuminate/Database/Connection.php(640): Illuminate\Database\Connection->Illuminate\Database\{closure}('create table `p...', Array)
#2 /home/vagrant/phpServer/twitter/vendor/laravel/framework/src/Illuminate/Database/Connection.php(607): Illuminate\Database\Connection->runQueryCallback('create table `p...', Array, Object(Closure))
#3 /home/vagrant/phpServer/twitter/vendor/laravel/framework/src/Illuminate/Database/Connection.php(450): Illuminate\Database\Connection->run('create table `p...', Array, Object(Closure))
#4 /home/vagrant/phpServer/twitter/vendor/laravel/framework/src/Illuminate/Database/Schema/Blueprint.php(83): Illuminate\Database\Connection->statement('create table `p...')
#5 /home/vagrant/phpServer/twitter/vendor/laravel/framework/src/Illuminate/Database/Schema/Builder.php(239): Illuminate\Database\Schema\Blueprint->build(Object(Illuminate\Database\MySqlConnection), Object(Illuminate\Database\Schema\Grammars\MySqlGrammar))
#6 /home/vagrant/phpServer/twitter/vendor/laravel/framework/src/Illuminate/Database/Schema/Builder.php(164): Illuminate\Database\Schema\Builder->build(Object(Illuminate\Database\Schema\Blueprint))
#7 /home/vagrant/phpServer/twitter/vendor/laravel/framework/src/Illuminate/Support/Facades/Facade.php(221): Illuminate\Database\Schema\Builder->create('posts', Object(Closure))
#8 /home/vagrant/phpServer/twitter/database/migrations/2017_01_26_111247_create_post_table.php(23): Illuminate\Support\Facades\Facade::__callStatic('create', Array)
#9 /home/vagrant/phpServer/twitter/vendor/laravel/framework/src/Illuminate/Database/Migrations/Migrator.php(348): CreatePostTable->up()
#10 /home/vagrant/phpServer/twitter/vendor/laravel/framework/src/Illuminate/Database/Migrations/Migrator.php(353): Illuminate\Database\Migrations\Migrator->Illuminate\Database\Migrations\{closure}()
#11 /home/vagrant/phpServer/twitter/vendor/laravel/framework/src/Illuminate/Database/Migrations/Migrator.php(175): Illuminate\Database\Migrations\Migrator->runMigration(Object(CreatePostTable), 'up')
#12 /home/vagrant/phpServer/twitter/vendor/laravel/framework/src/Illuminate/Database/Migrations/Migrator.php(146): Illuminate\Database\Migrations\Migrator->runUp('/home/vagrant/p...', 2, false)
#13 /home/vagrant/phpServer/twitter/vendor/laravel/framework/src/Illuminate/Database/Migrations/Migrator.php(95): Illuminate\Database\Migrations\Migrator->runPending(Array, Array)
#14 /home/vagrant/phpServer/twitter/vendor/laravel/framework/src/Illuminate/Database/Console/Migrations/MigrateCommand.php(69): Illuminate\Database\Migrations\Migrator->run(Array, Array)
#15 [internal function]: Illuminate\Database\Console\Migrations\MigrateCommand->fire()
#16 /home/vagrant/phpServer/twitter/vendor/laravel/framework/src/Illuminate/Container/BoundMethod.php(28): call_user_func_array(Array, Array)
#17 /home/vagrant/phpServer/twitter/vendor/laravel/framework/src/Illuminate/Support/helpers.php(912): Illuminate\Container\BoundMethod::Illuminate\Container\{closure}()
#18 /home/vagrant/phpServer/twitter/vendor/laravel/framework/src/Illuminate/Container/BoundMethod.php(86): value(Object(Closure))
#19 /home/vagrant/phpServer/twitter/vendor/laravel/framework/src/Illuminate/Container/BoundMethod.php(30): Illuminate\Container\BoundMethod::callBoundMethod(Object(Illuminate\Foundation\Application), Array, Object(Closure))
#20 /home/vagrant/phpServer/twitter/vendor/laravel/framework/src/Illuminate/Container/Container.php(524): Illuminate\Container\BoundMethod::call(Object(Illuminate\Foundation\Application), Array, Array, NULL)
#21 /home/vagrant/phpServer/twitter/vendor/laravel/framework/src/Illuminate/Console/Command.php(182): Illuminate\Container\Container->call(Array)
#22 /home/vagrant/phpServer/twitter/vendor/symfony/console/Command/Command.php(262): Illuminate\Console\Command->execute(Object(Symfony\Component\Console\Input\ArgvInput), Object(Illuminate\Console\OutputStyle))
#23 /home/vagrant/phpServer/twitter/vendor/laravel/framework/src/Illuminate/Console/Command.php(167): Symfony\Component\Console\Command\Command->run(Object(Symfony\Component\Console\Input\ArgvInput), Object(Illuminate\Console\OutputStyle))
#24 /home/vagrant/phpServer/twitter/vendor/symfony/console/Application.php(826): Illuminate\Console\Command->run(Object(Symfony\Component\Console\Input\ArgvInput), Object(Symfony\Component\Console\Output\ConsoleOutput))
#25 /home/vagrant/phpServer/twitter/vendor/symfony/console/Application.php(189): Symfony\Component\Console\Application->doRunCommand(Object(Illuminate\Database\Console\Migrations\MigrateCommand), Object(Symfony\Component\Console\Input\ArgvInput), Object(Symfony\Component\Console\Output\ConsoleOutput))
#26 /home/vagrant/phpServer/twitter/vendor/symfony/console/Application.php(120): Symfony\Component\Console\Application->doRun(Object(Symfony\Component\Console\Input\ArgvInput), Object(Symfony\Component\Console\Output\ConsoleOutput))
#27 /home/vagrant/phpServer/twitter/vendor/laravel/framework/src/Illuminate/Foundation/Console/Kernel.php(123): Symfony\Component\Console\Application->run(Object(Symfony\Component\Console\Input\ArgvInput), Object(Symfony\Component\Console\Output\ConsoleOutput))
#28 /home/vagrant/phpServer/twitter/artisan(35): Illuminate\Foundation\Console\Kernel->handle(Object(Symfony\Component\Console\Input\ArgvInput), Object(Symfony\Component\Console\Output\ConsoleOutput))
#29 {main}

Next Illuminate\Database\QueryException: SQLSTATE[42S01]: Base table or view already exists: 1050 Table 'posts' already exists (SQL: create table `posts` (`id` int unsigned not null auto_increment primary key, `user_id` int unsigned not null, `body` varchar(140) not null, `created_at` timestamp null, `updated_at` timestamp null) default character set utf8mb4 collate utf8mb4_unicode_ci) in /home/vagrant/phpServer/twitter/vendor/laravel/framework/src/Illuminate/Database/Connection.php:647
Stack trace:
#0 /home/vagrant/phpServer/twitter/vendor/laravel/framework/src/Illuminate/Database/Connection.php(607): Illuminate\Database\Connection->runQueryCallback('create table `p...', Array, Object(Closure))
#1 /home/vagrant/phpServer/twitter/vendor/laravel/framework/src/Illuminate/Database/Connection.php(450): Illuminate\Database\Connection->run('create table `p...', Array, Object(Closure))
#2 /home/vagrant/phpServer/twitter/vendor/laravel/framework/src/Illuminate/Database/Schema/Blueprint.php(83): Illuminate\Database\Connection->statement('create table `p...')
#3 /home/vagrant/phpServer/twitter/vendor/laravel/framework/src/Illuminate/Database/Schema/Builder.php(239): Illuminate\Database\Schema\Blueprint->build(Object(Illuminate\Database\MySqlConnection), Object(Illuminate\Database\Schema\Grammars\MySqlGrammar))
#4 /home/vagrant/phpServer/twitter/vendor/laravel/framework/src/Illuminate/Database/Schema/Builder.php(164): Illuminate\Database\Schema\Builder->build(Object(Illuminate\Database\Schema\Blueprint))
#5 /home/vagrant/phpServer/twitter/vendor/laravel/framework/src/Illuminate/Support/Facades/Facade.php(221): Illuminate\Database\Schema\Builder->create('posts', Object(Closure))
#6 /home/vagrant/phpServer/twitter/database/migrations/2017_01_26_111247_create_post_table.php(23): Illuminate\Support\Facades\Facade::__callStatic('create', Array)
#7 /home/vagrant/phpServer/twitter/vendor/laravel/framework/src/Illuminate/Database/Migrations/Migrator.php(348): CreatePostTable->up()
#8 /home/vagrant/phpServer/twitter/vendor/laravel/framework/src/Illuminate/Database/Migrations/Migrator.php(353): Illuminate\Database\Migrations\Migrator->Illuminate\Database\Migrations\{closure}()
#9 /home/vagrant/phpServer/twitter/vendor/laravel/framework/src/Illuminate/Database/Migrations/Migrator.php(175): Illuminate\Database\Migrations\Migrator->runMigration(Object(CreatePostTable), 'up')
#10 /home/vagrant/phpServer/twitter/vendor/laravel/framework/src/Illuminate/Database/Migrations/Migrator.php(146): Illuminate\Database\Migrations\Migrator->runUp('/home/vagrant/p...', 2, false)
#11 /home/vagrant/phpServer/twitter/vendor/laravel/framework/src/Illuminate/Database/Migrations/Migrator.php(95): Illuminate\Database\Migrations\Migrator->runPending(Array, Array)
#12 /home/vagrant/phpServer/twitter/vendor/laravel/framework/src/Illuminate/Database/Console/Migrations/MigrateCommand.php(69): Illuminate\Database\Migrations\Migrator->run(Array, Array)
#13 [internal function]: Illuminate\Database\Console\Migrations\MigrateCommand->fire()
#14 /home/vagrant/phpServer/twitter/vendor/laravel/framework/src/Illuminate/Container/BoundMethod.php(28): call_user_func_array(Array, Array)
#15 /home/vagrant/phpServer/twitter/vendor/laravel/framework/src/Illuminate/Support/helpers.php(912): Illuminate\Container\BoundMethod::Illuminate\Container\{closure}()
#16 /home/vagrant/phpServer/twitter/vendor/laravel/framework/src/Illuminate/Container/BoundMethod.php(86): value(Object(Closure))
#17 /home/vagrant/phpServer/twitter/vendor/laravel/framework/src/Illuminate/Container/BoundMethod.php(30): Illuminate\Container\BoundMethod::callBoundMethod(Object(Illuminate\Foundation\Application), Array, Object(Closure))
#18 /home/vagrant/phpServer/twitter/vendor/laravel/framework/src/Illuminate/Container/Container.php(524): Illuminate\Container\BoundMethod::call(Object(Illuminate\Foundation\Application), Array, Array, NULL)
#19 /home/vagrant/phpServer/twitter/vendor/laravel/framework/src/Illuminate/Console/Command.php(182): Illuminate\Container\Container->call(Array)
#20 /home/vagrant/phpServer/twitter/vendor/symfony/console/Command/Command.php(262): Illuminate\Console\Command->execute(Object(Symfony\Component\Console\Input\ArgvInput), Object(Illuminate\Console\OutputStyle))
#21 /home/vagrant/phpServer/twitter/vendor/laravel/framework/src/Illuminate/Console/Command.php(167): Symfony\Component\Console\Command\Command->run(Object(Symfony\Component\Console\Input\ArgvInput), Object(Illuminate\Console\OutputStyle))
#22 /home/vagrant/phpServer/twitter/vendor/symfony/console/Application.php(826): Illuminate\Console\Command->run(Object(Symfony\Component\Console\Input\ArgvInput), Object(Symfony\Component\Console\Output\ConsoleOutput))
#23 /home/vagrant/phpServer/twitter/vendor/symfony/console/Application.php(189): Symfony\Component\Console\Application->doRunCommand(Object(Illuminate\Database\Console\Migrations\MigrateCommand), Object(Symfony\Component\Console\Input\ArgvInput), Object(Symfony\Component\Console\Output\ConsoleOutput))
#24 /home/vagrant/phpServer/twitter/vendor/symfony/console/Application.php(120): Symfony\Component\Console\Application->doRun(Object(Symfony\Component\Console\Input\ArgvInput), Object(Symfony\Component\Console\Output\ConsoleOutput))
#25 /home/vagrant/phpServer/twitter/vendor/laravel/framework/src/Illuminate/Foundation/Console/Kernel.php(123): Symfony\Component\Console\Application->run(Object(Symfony\Component\Console\Input\ArgvInput), Object(Symfony\Component\Console\Output\ConsoleOutput))
#26 /home/vagrant/phpServer/twitter/artisan(35): Illuminate\Foundation\Console\Kernel->handle(Object(Symfony\Component\Console\Input\ArgvInput), Object(Symfony\Component\Console\Output\ConsoleOutput))
#27 {main}  
[2017-01-26 11:17:53] local.ERROR: Symfony\Component\Console\Exception\CommandNotFoundException: There are no commands defined in the "migarte" namespace.

Did you mean this?
    migrate in /home/vagrant/phpServer/twitter/vendor/symfony/console/Application.php:499
Stack trace:
#0 /home/vagrant/phpServer/twitter/vendor/symfony/console/Application.php(531): Symfony\Component\Console\Application->findNamespace('migarte')
#1 /home/vagrant/phpServer/twitter/vendor/symfony/console/Application.php(186): Symfony\Component\Console\Application->find('migarte:rollbac...')
#2 /home/vagrant/phpServer/twitter/vendor/symfony/console/Application.php(120): Symfony\Component\Console\Application->doRun(Object(Symfony\Component\Console\Input\ArgvInput), Object(Symfony\Component\Console\Output\ConsoleOutput))
#3 /home/vagrant/phpServer/twitter/vendor/laravel/framework/src/Illuminate/Foundation/Console/Kernel.php(123): Symfony\Component\Console\Application->run(Object(Symfony\Component\Console\Input\ArgvInput), Object(Symfony\Component\Console\Output\ConsoleOutput))
#4 /home/vagrant/phpServer/twitter/artisan(35): Illuminate\Foundation\Console\Kernel->handle(Object(Symfony\Component\Console\Input\ArgvInput), Object(Symfony\Component\Console\Output\ConsoleOutput))
#5 {main}  
[2017-01-26 11:18:13] local.ERROR: PDOException: SQLSTATE[42S01]: Base table or view already exists: 1050 Table 'posts' already exists in /home/vagrant/phpServer/twitter/vendor/laravel/framework/src/Illuminate/Database/Connection.php:449
Stack trace:
#0 /home/vagrant/phpServer/twitter/vendor/laravel/framework/src/Illuminate/Database/Connection.php(449): PDOStatement->execute()
#1 /home/vagrant/phpServer/twitter/vendor/laravel/framework/src/Illuminate/Database/Connection.php(640): Illuminate\Database\Connection->Illuminate\Database\{closure}('create table `p...', Array)
#2 /home/vagrant/phpServer/twitter/vendor/laravel/framework/src/Illuminate/Database/Connection.php(607): Illuminate\Database\Connection->runQueryCallback('create table `p...', Array, Object(Closure))
#3 /home/vagrant/phpServer/twitter/vendor/laravel/framework/src/Illuminate/Database/Connection.php(450): Illuminate\Database\Connection->run('create table `p...', Array, Object(Closure))
#4 /home/vagrant/phpServer/twitter/vendor/laravel/framework/src/Illuminate/Database/Schema/Blueprint.php(83): Illuminate\Database\Connection->statement('create table `p...')
#5 /home/vagrant/phpServer/twitter/vendor/laravel/framework/src/Illuminate/Database/Schema/Builder.php(239): Illuminate\Database\Schema\Blueprint->build(Object(Illuminate\Database\MySqlConnection), Object(Illuminate\Database\Schema\Grammars\MySqlGrammar))
#6 /home/vagrant/phpServer/twitter/vendor/laravel/framework/src/Illuminate/Database/Schema/Builder.php(164): Illuminate\Database\Schema\Builder->build(Object(Illuminate\Database\Schema\Blueprint))
#7 /home/vagrant/phpServer/twitter/vendor/laravel/framework/src/Illuminate/Support/Facades/Facade.php(221): Illuminate\Database\Schema\Builder->create('posts', Object(Closure))
#8 /home/vagrant/phpServer/twitter/database/migrations/2017_01_26_111247_create_post_table.php(23): Illuminate\Support\Facades\Facade::__callStatic('create', Array)
#9 /home/vagrant/phpServer/twitter/vendor/laravel/framework/src/Illuminate/Database/Migrations/Migrator.php(348): CreatePostTable->up()
#10 /home/vagrant/phpServer/twitter/vendor/laravel/framework/src/Illuminate/Database/Migrations/Migrator.php(353): Illuminate\Database\Migrations\Migrator->Illuminate\Database\Migrations\{closure}()
#11 /home/vagrant/phpServer/twitter/vendor/laravel/framework/src/Illuminate/Database/Migrations/Migrator.php(175): Illuminate\Database\Migrations\Migrator->runMigration(Object(CreatePostTable), 'up')
#12 /home/vagrant/phpServer/twitter/vendor/laravel/framework/src/Illuminate/Database/Migrations/Migrator.php(146): Illuminate\Database\Migrations\Migrator->runUp('/home/vagrant/p...', 1, false)
#13 /home/vagrant/phpServer/twitter/vendor/laravel/framework/src/Illuminate/Database/Migrations/Migrator.php(95): Illuminate\Database\Migrations\Migrator->runPending(Array, Array)
#14 /home/vagrant/phpServer/twitter/vendor/laravel/framework/src/Illuminate/Database/Console/Migrations/MigrateCommand.php(69): Illuminate\Database\Migrations\Migrator->run(Array, Array)
#15 [internal function]: Illuminate\Database\Console\Migrations\MigrateCommand->fire()
#16 /home/vagrant/phpServer/twitter/vendor/laravel/framework/src/Illuminate/Container/BoundMethod.php(28): call_user_func_array(Array, Array)
#17 /home/vagrant/phpServer/twitter/vendor/laravel/framework/src/Illuminate/Support/helpers.php(912): Illuminate\Container\BoundMethod::Illuminate\Container\{closure}()
#18 /home/vagrant/phpServer/twitter/vendor/laravel/framework/src/Illuminate/Container/BoundMethod.php(86): value(Object(Closure))
#19 /home/vagrant/phpServer/twitter/vendor/laravel/framework/src/Illuminate/Container/BoundMethod.php(30): Illuminate\Container\BoundMethod::callBoundMethod(Object(Illuminate\Foundation\Application), Array, Object(Closure))
#20 /home/vagrant/phpServer/twitter/vendor/laravel/framework/src/Illuminate/Container/Container.php(524): Illuminate\Container\BoundMethod::call(Object(Illuminate\Foundation\Application), Array, Array, NULL)
#21 /home/vagrant/phpServer/twitter/vendor/laravel/framework/src/Illuminate/Console/Command.php(182): Illuminate\Container\Container->call(Array)
#22 /home/vagrant/phpServer/twitter/vendor/symfony/console/Command/Command.php(262): Illuminate\Console\Command->execute(Object(Symfony\Component\Console\Input\ArgvInput), Object(Illuminate\Console\OutputStyle))
#23 /home/vagrant/phpServer/twitter/vendor/laravel/framework/src/Illuminate/Console/Command.php(167): Symfony\Component\Console\Command\Command->run(Object(Symfony\Component\Console\Input\ArgvInput), Object(Illuminate\Console\OutputStyle))
#24 /home/vagrant/phpServer/twitter/vendor/symfony/console/Application.php(826): Illuminate\Console\Command->run(Object(Symfony\Component\Console\Input\ArgvInput), Object(Symfony\Component\Console\Output\ConsoleOutput))
#25 /home/vagrant/phpServer/twitter/vendor/symfony/console/Application.php(189): Symfony\Component\Console\Application->doRunCommand(Object(Illuminate\Database\Console\Migrations\MigrateCommand), Object(Symfony\Component\Console\Input\ArgvInput), Object(Symfony\Component\Console\Output\ConsoleOutput))
#26 /home/vagrant/phpServer/twitter/vendor/symfony/console/Application.php(120): Symfony\Component\Console\Application->doRun(Object(Symfony\Component\Console\Input\ArgvInput), Object(Symfony\Component\Console\Output\ConsoleOutput))
#27 /home/vagrant/phpServer/twitter/vendor/laravel/framework/src/Illuminate/Foundation/Console/Kernel.php(123): Symfony\Component\Console\Application->run(Object(Symfony\Component\Console\Input\ArgvInput), Object(Symfony\Component\Console\Output\ConsoleOutput))
#28 /home/vagrant/phpServer/twitter/artisan(35): Illuminate\Foundation\Console\Kernel->handle(Object(Symfony\Component\Console\Input\ArgvInput), Object(Symfony\Component\Console\Output\ConsoleOutput))
#29 {main}

Next Illuminate\Database\QueryException: SQLSTATE[42S01]: Base table or view already exists: 1050 Table 'posts' already exists (SQL: create table `posts` (`id` int unsigned not null auto_increment primary key, `user_id` int unsigned not null, `body` varchar(140) not null, `created_at` timestamp null, `updated_at` timestamp null) default character set utf8mb4 collate utf8mb4_unicode_ci) in /home/vagrant/phpServer/twitter/vendor/laravel/framework/src/Illuminate/Database/Connection.php:647
Stack trace:
#0 /home/vagrant/phpServer/twitter/vendor/laravel/framework/src/Illuminate/Database/Connection.php(607): Illuminate\Database\Connection->runQueryCallback('create table `p...', Array, Object(Closure))
#1 /home/vagrant/phpServer/twitter/vendor/laravel/framework/src/Illuminate/Database/Connection.php(450): Illuminate\Database\Connection->run('create table `p...', Array, Object(Closure))
#2 /home/vagrant/phpServer/twitter/vendor/laravel/framework/src/Illuminate/Database/Schema/Blueprint.php(83): Illuminate\Database\Connection->statement('create table `p...')
#3 /home/vagrant/phpServer/twitter/vendor/laravel/framework/src/Illuminate/Database/Schema/Builder.php(239): Illuminate\Database\Schema\Blueprint->build(Object(Illuminate\Database\MySqlConnection), Object(Illuminate\Database\Schema\Grammars\MySqlGrammar))
#4 /home/vagrant/phpServer/twitter/vendor/laravel/framework/src/Illuminate/Database/Schema/Builder.php(164): Illuminate\Database\Schema\Builder->build(Object(Illuminate\Database\Schema\Blueprint))
#5 /home/vagrant/phpServer/twitter/vendor/laravel/framework/src/Illuminate/Support/Facades/Facade.php(221): Illuminate\Database\Schema\Builder->create('posts', Object(Closure))
#6 /home/vagrant/phpServer/twitter/database/migrations/2017_01_26_111247_create_post_table.php(23): Illuminate\Support\Facades\Facade::__callStatic('create', Array)
#7 /home/vagrant/phpServer/twitter/vendor/laravel/framework/src/Illuminate/Database/Migrations/Migrator.php(348): CreatePostTable->up()
#8 /home/vagrant/phpServer/twitter/vendor/laravel/framework/src/Illuminate/Database/Migrations/Migrator.php(353): Illuminate\Database\Migrations\Migrator->Illuminate\Database\Migrations\{closure}()
#9 /home/vagrant/phpServer/twitter/vendor/laravel/framework/src/Illuminate/Database/Migrations/Migrator.php(175): Illuminate\Database\Migrations\Migrator->runMigration(Object(CreatePostTable), 'up')
#10 /home/vagrant/phpServer/twitter/vendor/laravel/framework/src/Illuminate/Database/Migrations/Migrator.php(146): Illuminate\Database\Migrations\Migrator->runUp('/home/vagrant/p...', 1, false)
#11 /home/vagrant/phpServer/twitter/vendor/laravel/framework/src/Illuminate/Database/Migrations/Migrator.php(95): Illuminate\Database\Migrations\Migrator->runPending(Array, Array)
#12 /home/vagrant/phpServer/twitter/vendor/laravel/framework/src/Illuminate/Database/Console/Migrations/MigrateCommand.php(69): Illuminate\Database\Migrations\Migrator->run(Array, Array)
#13 [internal function]: Illuminate\Database\Console\Migrations\MigrateCommand->fire()
#14 /home/vagrant/phpServer/twitter/vendor/laravel/framework/src/Illuminate/Container/BoundMethod.php(28): call_user_func_array(Array, Array)
#15 /home/vagrant/phpServer/twitter/vendor/laravel/framework/src/Illuminate/Support/helpers.php(912): Illuminate\Container\BoundMethod::Illuminate\Container\{closure}()
#16 /home/vagrant/phpServer/twitter/vendor/laravel/framework/src/Illuminate/Container/BoundMethod.php(86): value(Object(Closure))
#17 /home/vagrant/phpServer/twitter/vendor/laravel/framework/src/Illuminate/Container/BoundMethod.php(30): Illuminate\Container\BoundMethod::callBoundMethod(Object(Illuminate\Foundation\Application), Array, Object(Closure))
#18 /home/vagrant/phpServer/twitter/vendor/laravel/framework/src/Illuminate/Container/Container.php(524): Illuminate\Container\BoundMethod::call(Object(Illuminate\Foundation\Application), Array, Array, NULL)
#19 /home/vagrant/phpServer/twitter/vendor/laravel/framework/src/Illuminate/Console/Command.php(182): Illuminate\Container\Container->call(Array)
#20 /home/vagrant/phpServer/twitter/vendor/symfony/console/Command/Command.php(262): Illuminate\Console\Command->execute(Object(Symfony\Component\Console\Input\ArgvInput), Object(Illuminate\Console\OutputStyle))
#21 /home/vagrant/phpServer/twitter/vendor/laravel/framework/src/Illuminate/Console/Command.php(167): Symfony\Component\Console\Command\Command->run(Object(Symfony\Component\Console\Input\ArgvInput), Object(Illuminate\Console\OutputStyle))
#22 /home/vagrant/phpServer/twitter/vendor/symfony/console/Application.php(826): Illuminate\Console\Command->run(Object(Symfony\Component\Console\Input\ArgvInput), Object(Symfony\Component\Console\Output\ConsoleOutput))
#23 /home/vagrant/phpServer/twitter/vendor/symfony/console/Application.php(189): Symfony\Component\Console\Application->doRunCommand(Object(Illuminate\Database\Console\Migrations\MigrateCommand), Object(Symfony\Component\Console\Input\ArgvInput), Object(Symfony\Component\Console\Output\ConsoleOutput))
#24 /home/vagrant/phpServer/twitter/vendor/symfony/console/Application.php(120): Symfony\Component\Console\Application->doRun(Object(Symfony\Component\Console\Input\ArgvInput), Object(Symfony\Component\Console\Output\ConsoleOutput))
#25 /home/vagrant/phpServer/twitter/vendor/laravel/framework/src/Illuminate/Foundation/Console/Kernel.php(123): Symfony\Component\Console\Application->run(Object(Symfony\Component\Console\Input\ArgvInput), Object(Symfony\Component\Console\Output\ConsoleOutput))
#26 /home/vagrant/phpServer/twitter/artisan(35): Illuminate\Foundation\Console\Kernel->handle(Object(Symfony\Component\Console\Input\ArgvInput), Object(Symfony\Component\Console\Output\ConsoleOutput))
#27 {main}  
[2017-01-26 11:19:02] local.ERROR: PDOException: SQLSTATE[42S01]: Base table or view already exists: 1050 Table 'posts' already exists in /home/vagrant/phpServer/twitter/vendor/laravel/framework/src/Illuminate/Database/Connection.php:449
Stack trace:
#0 /home/vagrant/phpServer/twitter/vendor/laravel/framework/src/Illuminate/Database/Connection.php(449): PDOStatement->execute()
#1 /home/vagrant/phpServer/twitter/vendor/laravel/framework/src/Illuminate/Database/Connection.php(640): Illuminate\Database\Connection->Illuminate\Database\{closure}('create table `p...', Array)
#2 /home/vagrant/phpServer/twitter/vendor/laravel/framework/src/Illuminate/Database/Connection.php(607): Illuminate\Database\Connection->runQueryCallback('create table `p...', Array, Object(Closure))
#3 /home/vagrant/phpServer/twitter/vendor/laravel/framework/src/Illuminate/Database/Connection.php(450): Illuminate\Database\Connection->run('create table `p...', Array, Object(Closure))
#4 /home/vagrant/phpServer/twitter/vendor/laravel/framework/src/Illuminate/Database/Schema/Blueprint.php(83): Illuminate\Database\Connection->statement('create table `p...')
#5 /home/vagrant/phpServer/twitter/vendor/laravel/framework/src/Illuminate/Database/Schema/Builder.php(239): Illuminate\Database\Schema\Blueprint->build(Object(Illuminate\Database\MySqlConnection), Object(Illuminate\Database\Schema\Grammars\MySqlGrammar))
#6 /home/vagrant/phpServer/twitter/vendor/laravel/framework/src/Illuminate/Database/Schema/Builder.php(164): Illuminate\Database\Schema\Builder->build(Object(Illuminate\Database\Schema\Blueprint))
#7 /home/vagrant/phpServer/twitter/vendor/laravel/framework/src/Illuminate/Support/Facades/Facade.php(221): Illuminate\Database\Schema\Builder->create('posts', Object(Closure))
#8 /home/vagrant/phpServer/twitter/database/migrations/2017_01_26_111247_create_post_table.php(23): Illuminate\Support\Facades\Facade::__callStatic('create', Array)
#9 /home/vagrant/phpServer/twitter/vendor/laravel/framework/src/Illuminate/Database/Migrations/Migrator.php(348): CreatePostTable->up()
#10 /home/vagrant/phpServer/twitter/vendor/laravel/framework/src/Illuminate/Database/Migrations/Migrator.php(353): Illuminate\Database\Migrations\Migrator->Illuminate\Database\Migrations\{closure}()
#11 /home/vagrant/phpServer/twitter/vendor/laravel/framework/src/Illuminate/Database/Migrations/Migrator.php(175): Illuminate\Database\Migrations\Migrator->runMigration(Object(CreatePostTable), 'up')
#12 /home/vagrant/phpServer/twitter/vendor/laravel/framework/src/Illuminate/Database/Migrations/Migrator.php(146): Illuminate\Database\Migrations\Migrator->runUp('/home/vagrant/p...', 1, false)
#13 /home/vagrant/phpServer/twitter/vendor/laravel/framework/src/Illuminate/Database/Migrations/Migrator.php(95): Illuminate\Database\Migrations\Migrator->runPending(Array, Array)
#14 /home/vagrant/phpServer/twitter/vendor/laravel/framework/src/Illuminate/Database/Console/Migrations/MigrateCommand.php(69): Illuminate\Database\Migrations\Migrator->run(Array, Array)
#15 [internal function]: Illuminate\Database\Console\Migrations\MigrateCommand->fire()
#16 /home/vagrant/phpServer/twitter/vendor/laravel/framework/src/Illuminate/Container/BoundMethod.php(28): call_user_func_array(Array, Array)
#17 /home/vagrant/phpServer/twitter/vendor/laravel/framework/src/Illuminate/Support/helpers.php(912): Illuminate\Container\BoundMethod::Illuminate\Container\{closure}()
#18 /home/vagrant/phpServer/twitter/vendor/laravel/framework/src/Illuminate/Container/BoundMethod.php(86): value(Object(Closure))
#19 /home/vagrant/phpServer/twitter/vendor/laravel/framework/src/Illuminate/Container/BoundMethod.php(30): Illuminate\Container\BoundMethod::callBoundMethod(Object(Illuminate\Foundation\Application), Array, Object(Closure))
#20 /home/vagrant/phpServer/twitter/vendor/laravel/framework/src/Illuminate/Container/Container.php(524): Illuminate\Container\BoundMethod::call(Object(Illuminate\Foundation\Application), Array, Array, NULL)
#21 /home/vagrant/phpServer/twitter/vendor/laravel/framework/src/Illuminate/Console/Command.php(182): Illuminate\Container\Container->call(Array)
#22 /home/vagrant/phpServer/twitter/vendor/symfony/console/Command/Command.php(262): Illuminate\Console\Command->execute(Object(Symfony\Component\Console\Input\ArgvInput), Object(Illuminate\Console\OutputStyle))
#23 /home/vagrant/phpServer/twitter/vendor/laravel/framework/src/Illuminate/Console/Command.php(167): Symfony\Component\Console\Command\Command->run(Object(Symfony\Component\Console\Input\ArgvInput), Object(Illuminate\Console\OutputStyle))
#24 /home/vagrant/phpServer/twitter/vendor/symfony/console/Application.php(826): Illuminate\Console\Command->run(Object(Symfony\Component\Console\Input\ArgvInput), Object(Symfony\Component\Console\Output\ConsoleOutput))
#25 /home/vagrant/phpServer/twitter/vendor/symfony/console/Application.php(189): Symfony\Component\Console\Application->doRunCommand(Object(Illuminate\Database\Console\Migrations\MigrateCommand), Object(Symfony\Component\Console\Input\ArgvInput), Object(Symfony\Component\Console\Output\ConsoleOutput))
#26 /home/vagrant/phpServer/twitter/vendor/symfony/console/Application.php(120): Symfony\Component\Console\Application->doRun(Object(Symfony\Component\Console\Input\ArgvInput), Object(Symfony\Component\Console\Output\ConsoleOutput))
#27 /home/vagrant/phpServer/twitter/vendor/laravel/framework/src/Illuminate/Foundation/Console/Kernel.php(123): Symfony\Component\Console\Application->run(Object(Symfony\Component\Console\Input\ArgvInput), Object(Symfony\Component\Console\Output\ConsoleOutput))
#28 /home/vagrant/phpServer/twitter/artisan(35): Illuminate\Foundation\Console\Kernel->handle(Object(Symfony\Component\Console\Input\ArgvInput), Object(Symfony\Component\Console\Output\ConsoleOutput))
#29 {main}

Next Illuminate\Database\QueryException: SQLSTATE[42S01]: Base table or view already exists: 1050 Table 'posts' already exists (SQL: create table `posts` (`id` int unsigned not null auto_increment primary key, `user_id` int unsigned not null, `body` varchar(140) not null, `created_at` timestamp null, `updated_at` timestamp null) default character set utf8mb4 collate utf8mb4_unicode_ci) in /home/vagrant/phpServer/twitter/vendor/laravel/framework/src/Illuminate/Database/Connection.php:647
Stack trace:
#0 /home/vagrant/phpServer/twitter/vendor/laravel/framework/src/Illuminate/Database/Connection.php(607): Illuminate\Database\Connection->runQueryCallback('create table `p...', Array, Object(Closure))
#1 /home/vagrant/phpServer/twitter/vendor/laravel/framework/src/Illuminate/Database/Connection.php(450): Illuminate\Database\Connection->run('create table `p...', Array, Object(Closure))
#2 /home/vagrant/phpServer/twitter/vendor/laravel/framework/src/Illuminate/Database/Schema/Blueprint.php(83): Illuminate\Database\Connection->statement('create table `p...')
#3 /home/vagrant/phpServer/twitter/vendor/laravel/framework/src/Illuminate/Database/Schema/Builder.php(239): Illuminate\Database\Schema\Blueprint->build(Object(Illuminate\Database\MySqlConnection), Object(Illuminate\Database\Schema\Grammars\MySqlGrammar))
#4 /home/vagrant/phpServer/twitter/vendor/laravel/framework/src/Illuminate/Database/Schema/Builder.php(164): Illuminate\Database\Schema\Builder->build(Object(Illuminate\Database\Schema\Blueprint))
#5 /home/vagrant/phpServer/twitter/vendor/laravel/framework/src/Illuminate/Support/Facades/Facade.php(221): Illuminate\Database\Schema\Builder->create('posts', Object(Closure))
#6 /home/vagrant/phpServer/twitter/database/migrations/2017_01_26_111247_create_post_table.php(23): Illuminate\Support\Facades\Facade::__callStatic('create', Array)
#7 /home/vagrant/phpServer/twitter/vendor/laravel/framework/src/Illuminate/Database/Migrations/Migrator.php(348): CreatePostTable->up()
#8 /home/vagrant/phpServer/twitter/vendor/laravel/framework/src/Illuminate/Database/Migrations/Migrator.php(353): Illuminate\Database\Migrations\Migrator->Illuminate\Database\Migrations\{closure}()
#9 /home/vagrant/phpServer/twitter/vendor/laravel/framework/src/Illuminate/Database/Migrations/Migrator.php(175): Illuminate\Database\Migrations\Migrator->runMigration(Object(CreatePostTable), 'up')
#10 /home/vagrant/phpServer/twitter/vendor/laravel/framework/src/Illuminate/Database/Migrations/Migrator.php(146): Illuminate\Database\Migrations\Migrator->runUp('/home/vagrant/p...', 1, false)
#11 /home/vagrant/phpServer/twitter/vendor/laravel/framework/src/Illuminate/Database/Migrations/Migrator.php(95): Illuminate\Database\Migrations\Migrator->runPending(Array, Array)
#12 /home/vagrant/phpServer/twitter/vendor/laravel/framework/src/Illuminate/Database/Console/Migrations/MigrateCommand.php(69): Illuminate\Database\Migrations\Migrator->run(Array, Array)
#13 [internal function]: Illuminate\Database\Console\Migrations\MigrateCommand->fire()
#14 /home/vagrant/phpServer/twitter/vendor/laravel/framework/src/Illuminate/Container/BoundMethod.php(28): call_user_func_array(Array, Array)
#15 /home/vagrant/phpServer/twitter/vendor/laravel/framework/src/Illuminate/Support/helpers.php(912): Illuminate\Container\BoundMethod::Illuminate\Container\{closure}()
#16 /home/vagrant/phpServer/twitter/vendor/laravel/framework/src/Illuminate/Container/BoundMethod.php(86): value(Object(Closure))
#17 /home/vagrant/phpServer/twitter/vendor/laravel/framework/src/Illuminate/Container/BoundMethod.php(30): Illuminate\Container\BoundMethod::callBoundMethod(Object(Illuminate\Foundation\Application), Array, Object(Closure))
#18 /home/vagrant/phpServer/twitter/vendor/laravel/framework/src/Illuminate/Container/Container.php(524): Illuminate\Container\BoundMethod::call(Object(Illuminate\Foundation\Application), Array, Array, NULL)
#19 /home/vagrant/phpServer/twitter/vendor/laravel/framework/src/Illuminate/Console/Command.php(182): Illuminate\Container\Container->call(Array)
#20 /home/vagrant/phpServer/twitter/vendor/symfony/console/Command/Command.php(262): Illuminate\Console\Command->execute(Object(Symfony\Component\Console\Input\ArgvInput), Object(Illuminate\Console\OutputStyle))
#21 /home/vagrant/phpServer/twitter/vendor/laravel/framework/src/Illuminate/Console/Command.php(167): Symfony\Component\Console\Command\Command->run(Object(Symfony\Component\Console\Input\ArgvInput), Object(Illuminate\Console\OutputStyle))
#22 /home/vagrant/phpServer/twitter/vendor/symfony/console/Application.php(826): Illuminate\Console\Command->run(Object(Symfony\Component\Console\Input\ArgvInput), Object(Symfony\Component\Console\Output\ConsoleOutput))
#23 /home/vagrant/phpServer/twitter/vendor/symfony/console/Application.php(189): Symfony\Component\Console\Application->doRunCommand(Object(Illuminate\Database\Console\Migrations\MigrateCommand), Object(Symfony\Component\Console\Input\ArgvInput), Object(Symfony\Component\Console\Output\ConsoleOutput))
#24 /home/vagrant/phpServer/twitter/vendor/symfony/console/Application.php(120): Symfony\Component\Console\Application->doRun(Object(Symfony\Component\Console\Input\ArgvInput), Object(Symfony\Component\Console\Output\ConsoleOutput))
#25 /home/vagrant/phpServer/twitter/vendor/laravel/framework/src/Illuminate/Foundation/Console/Kernel.php(123): Symfony\Component\Console\Application->run(Object(Symfony\Component\Console\Input\ArgvInput), Object(Symfony\Component\Console\Output\ConsoleOutput))
#26 /home/vagrant/phpServer/twitter/artisan(35): Illuminate\Foundation\Console\Kernel->handle(Object(Symfony\Component\Console\Input\ArgvInput), Object(Symfony\Component\Console\Output\ConsoleOutput))
#27 {main}  
[2017-01-26 11:21:55] local.ERROR: PDOException: SQLSTATE[HY000] [1049] Unknown database 'twitter' in /home/vagrant/phpServer/twitter/vendor/laravel/framework/src/Illuminate/Database/Connectors/Connector.php:68
Stack trace:
#0 /home/vagrant/phpServer/twitter/vendor/laravel/framework/src/Illuminate/Database/Connectors/Connector.php(68): PDO->__construct('mysql:host=127....', 'homestead', 'secret', Array)
#1 /home/vagrant/phpServer/twitter/vendor/laravel/framework/src/Illuminate/Database/Connectors/Connector.php(43): Illuminate\Database\Connectors\Connector->createPdoConnection('mysql:host=127....', 'homestead', 'secret', Array)
#2 /home/vagrant/phpServer/twitter/vendor/laravel/framework/src/Illuminate/Database/Connectors/MySqlConnector.php(24): Illuminate\Database\Connectors\Connector->createConnection('mysql:host=127....', Array, Array)
#3 /home/vagrant/phpServer/twitter/vendor/laravel/framework/src/Illuminate/Database/Connectors/ConnectionFactory.php(183): Illuminate\Database\Connectors\MySqlConnector->connect(Array)
#4 [internal function]: Illuminate\Database\Connectors\ConnectionFactory->Illuminate\Database\Connectors\{closure}()
#5 /home/vagrant/phpServer/twitter/vendor/laravel/framework/src/Illuminate/Database/Connection.php(882): call_user_func(Object(Closure))
#6 /home/vagrant/phpServer/twitter/vendor/laravel/framework/src/Illuminate/Database/Connection.php(903): Illuminate\Database\Connection->getPdo()
#7 /home/vagrant/phpServer/twitter/vendor/laravel/framework/src/Illuminate/Database/Connection.php(392): Illuminate\Database\Connection->getReadPdo()
#8 /home/vagrant/phpServer/twitter/vendor/laravel/framework/src/Illuminate/Database/Connection.php(318): Illuminate\Database\Connection->getPdoForSelect(true)
#9 /home/vagrant/phpServer/twitter/vendor/laravel/framework/src/Illuminate/Database/Connection.php(640): Illuminate\Database\Connection->Illuminate\Database\{closure}('select * from i...', Array)
#10 /home/vagrant/phpServer/twitter/vendor/laravel/framework/src/Illuminate/Database/Connection.php(607): Illuminate\Database\Connection->runQueryCallback('select * from i...', Array, Object(Closure))
#11 /home/vagrant/phpServer/twitter/vendor/laravel/framework/src/Illuminate/Database/Connection.php(326): Illuminate\Database\Connection->run('select * from i...', Array, Object(Closure))
#12 /home/vagrant/phpServer/twitter/vendor/laravel/framework/src/Illuminate/Database/Schema/MySqlBuilder.php(18): Illuminate\Database\Connection->select('select * from i...', Array)
#13 /home/vagrant/phpServer/twitter/vendor/laravel/framework/src/Illuminate/Database/Migrations/DatabaseMigrationRepository.php(154): Illuminate\Database\Schema\MySqlBuilder->hasTable('migrations')
#14 /home/vagrant/phpServer/twitter/vendor/laravel/framework/src/Illuminate/Database/Migrations/Migrator.php(526): Illuminate\Database\Migrations\DatabaseMigrationRepository->repositoryExists()
#15 /home/vagrant/phpServer/twitter/vendor/laravel/framework/src/Illuminate/Database/Console/Migrations/MigrateCommand.php(96): Illuminate\Database\Migrations\Migrator->repositoryExists()
#16 /home/vagrant/phpServer/twitter/vendor/laravel/framework/src/Illuminate/Database/Console/Migrations/MigrateCommand.php(62): Illuminate\Database\Console\Migrations\MigrateCommand->prepareDatabase()
#17 [internal function]: Illuminate\Database\Console\Migrations\MigrateCommand->fire()
#18 /home/vagrant/phpServer/twitter/vendor/laravel/framework/src/Illuminate/Container/BoundMethod.php(28): call_user_func_array(Array, Array)
#19 /home/vagrant/phpServer/twitter/vendor/laravel/framework/src/Illuminate/Support/helpers.php(912): Illuminate\Container\BoundMethod::Illuminate\Container\{closure}()
#20 /home/vagrant/phpServer/twitter/vendor/laravel/framework/src/Illuminate/Container/BoundMethod.php(86): value(Object(Closure))
#21 /home/vagrant/phpServer/twitter/vendor/laravel/framework/src/Illuminate/Container/BoundMethod.php(30): Illuminate\Container\BoundMethod::callBoundMethod(Object(Illuminate\Foundation\Application), Array, Object(Closure))
#22 /home/vagrant/phpServer/twitter/vendor/laravel/framework/src/Illuminate/Container/Container.php(524): Illuminate\Container\BoundMethod::call(Object(Illuminate\Foundation\Application), Array, Array, NULL)
#23 /home/vagrant/phpServer/twitter/vendor/laravel/framework/src/Illuminate/Console/Command.php(182): Illuminate\Container\Container->call(Array)
#24 /home/vagrant/phpServer/twitter/vendor/symfony/console/Command/Command.php(262): Illuminate\Console\Command->execute(Object(Symfony\Component\Console\Input\ArgvInput), Object(Illuminate\Console\OutputStyle))
#25 /home/vagrant/phpServer/twitter/vendor/laravel/framework/src/Illuminate/Console/Command.php(167): Symfony\Component\Console\Command\Command->run(Object(Symfony\Component\Console\Input\ArgvInput), Object(Illuminate\Console\OutputStyle))
#26 /home/vagrant/phpServer/twitter/vendor/symfony/console/Application.php(826): Illuminate\Console\Command->run(Object(Symfony\Component\Console\Input\ArgvInput), Object(Symfony\Component\Console\Output\ConsoleOutput))
#27 /home/vagrant/phpServer/twitter/vendor/symfony/console/Application.php(189): Symfony\Component\Console\Application->doRunCommand(Object(Illuminate\Database\Console\Migrations\MigrateCommand), Object(Symfony\Component\Console\Input\ArgvInput), Object(Symfony\Component\Console\Output\ConsoleOutput))
#28 /home/vagrant/phpServer/twitter/vendor/symfony/console/Application.php(120): Symfony\Component\Console\Application->doRun(Object(Symfony\Component\Console\Input\ArgvInput), Object(Symfony\Component\Console\Output\ConsoleOutput))
#29 /home/vagrant/phpServer/twitter/vendor/laravel/framework/src/Illuminate/Foundation/Console/Kernel.php(123): Symfony\Component\Console\Application->run(Object(Symfony\Component\Console\Input\ArgvInput), Object(Symfony\Component\Console\Output\ConsoleOutput))
#30 /home/vagrant/phpServer/twitter/artisan(35): Illuminate\Foundation\Console\Kernel->handle(Object(Symfony\Component\Console\Input\ArgvInput), Object(Symfony\Component\Console\Output\ConsoleOutput))
#31 {main}  
[2017-01-26 11:21:55] local.ERROR: PDOException: SQLSTATE[HY000] [1049] Unknown database 'twitter' in /home/vagrant/phpServer/twitter/vendor/laravel/framework/src/Illuminate/Database/Connectors/Connector.php:68
Stack trace:
#0 /home/vagrant/phpServer/twitter/vendor/laravel/framework/src/Illuminate/Database/Connectors/Connector.php(68): PDO->__construct('mysql:host=127....', 'homestead', 'secret', Array)
#1 /home/vagrant/phpServer/twitter/vendor/laravel/framework/src/Illuminate/Database/Connectors/Connector.php(43): Illuminate\Database\Connectors\Connector->createPdoConnection('mysql:host=127....', 'homestead', 'secret', Array)
#2 /home/vagrant/phpServer/twitter/vendor/laravel/framework/src/Illuminate/Database/Connectors/MySqlConnector.php(24): Illuminate\Database\Connectors\Connector->createConnection('mysql:host=127....', Array, Array)
#3 /home/vagrant/phpServer/twitter/vendor/laravel/framework/src/Illuminate/Database/Connectors/ConnectionFactory.php(183): Illuminate\Database\Connectors\MySqlConnector->connect(Array)
#4 [internal function]: Illuminate\Database\Connectors\ConnectionFactory->Illuminate\Database\Connectors\{closure}()
#5 /home/vagrant/phpServer/twitter/vendor/laravel/framework/src/Illuminate/Database/Connection.php(882): call_user_func(Object(Closure))
#6 /home/vagrant/phpServer/twitter/vendor/laravel/framework/src/Illuminate/Database/Connection.php(903): Illuminate\Database\Connection->getPdo()
#7 /home/vagrant/phpServer/twitter/vendor/laravel/framework/src/Illuminate/Database/Connection.php(392): Illuminate\Database\Connection->getReadPdo()
#8 /home/vagrant/phpServer/twitter/vendor/laravel/framework/src/Illuminate/Database/Connection.php(318): Illuminate\Database\Connection->getPdoForSelect(true)
#9 /home/vagrant/phpServer/twitter/vendor/laravel/framework/src/Illuminate/Database/Connection.php(640): Illuminate\Database\Connection->Illuminate\Database\{closure}('select * from i...', Array)
#10 /home/vagrant/phpServer/twitter/vendor/laravel/framework/src/Illuminate/Database/Connection.php(607): Illuminate\Database\Connection->runQueryCallback('select * from i...', Array, Object(Closure))
#11 /home/vagrant/phpServer/twitter/vendor/laravel/framework/src/Illuminate/Database/Connection.php(326): Illuminate\Database\Connection->run('select * from i...', Array, Object(Closure))
#12 /home/vagrant/phpServer/twitter/vendor/laravel/framework/src/Illuminate/Database/Schema/MySqlBuilder.php(18): Illuminate\Database\Connection->select('select * from i...', Array)
#13 /home/vagrant/phpServer/twitter/vendor/laravel/framework/src/Illuminate/Database/Migrations/DatabaseMigrationRepository.php(154): Illuminate\Database\Schema\MySqlBuilder->hasTable('migrations')
#14 /home/vagrant/phpServer/twitter/vendor/laravel/framework/src/Illuminate/Database/Migrations/Migrator.php(526): Illuminate\Database\Migrations\DatabaseMigrationRepository->repositoryExists()
#15 /home/vagrant/phpServer/twitter/vendor/laravel/framework/src/Illuminate/Database/Console/Migrations/MigrateCommand.php(96): Illuminate\Database\Migrations\Migrator->repositoryExists()
#16 /home/vagrant/phpServer/twitter/vendor/laravel/framework/src/Illuminate/Database/Console/Migrations/MigrateCommand.php(62): Illuminate\Database\Console\Migrations\MigrateCommand->prepareDatabase()
#17 [internal function]: Illuminate\Database\Console\Migrations\MigrateCommand->fire()
#18 /home/vagrant/phpServer/twitter/vendor/laravel/framework/src/Illuminate/Container/BoundMethod.php(28): call_user_func_array(Array, Array)
#19 /home/vagrant/phpServer/twitter/vendor/laravel/framework/src/Illuminate/Support/helpers.php(912): Illuminate\Container\BoundMethod::Illuminate\Container\{closure}()
#20 /home/vagrant/phpServer/twitter/vendor/laravel/framework/src/Illuminate/Container/BoundMethod.php(86): value(Object(Closure))
#21 /home/vagrant/phpServer/twitter/vendor/laravel/framework/src/Illuminate/Container/BoundMethod.php(30): Illuminate\Container\BoundMethod::callBoundMethod(Object(Illuminate\Foundation\Application), Array, Object(Closure))
#22 /home/vagrant/phpServer/twitter/vendor/laravel/framework/src/Illuminate/Container/Container.php(524): Illuminate\Container\BoundMethod::call(Object(Illuminate\Foundation\Application), Array, Array, NULL)
#23 /home/vagrant/phpServer/twitter/vendor/laravel/framework/src/Illuminate/Console/Command.php(182): Illuminate\Container\Container->call(Array)
#24 /home/vagrant/phpServer/twitter/vendor/symfony/console/Command/Command.php(262): Illuminate\Console\Command->execute(Object(Symfony\Component\Console\Input\ArgvInput), Object(Illuminate\Console\OutputStyle))
#25 /home/vagrant/phpServer/twitter/vendor/laravel/framework/src/Illuminate/Console/Command.php(167): Symfony\Component\Console\Command\Command->run(Object(Symfony\Component\Console\Input\ArgvInput), Object(Illuminate\Console\OutputStyle))
#26 /home/vagrant/phpServer/twitter/vendor/symfony/console/Application.php(826): Illuminate\Console\Command->run(Object(Symfony\Component\Console\Input\ArgvInput), Object(Symfony\Component\Console\Output\ConsoleOutput))
#27 /home/vagrant/phpServer/twitter/vendor/symfony/console/Application.php(189): Symfony\Component\Console\Application->doRunCommand(Object(Illuminate\Database\Console\Migrations\MigrateCommand), Object(Symfony\Component\Console\Input\ArgvInput), Object(Symfony\Component\Console\Output\ConsoleOutput))
#28 /home/vagrant/phpServer/twitter/vendor/symfony/console/Application.php(120): Symfony\Component\Console\Application->doRun(Object(Symfony\Component\Console\Input\ArgvInput), Object(Symfony\Component\Console\Output\ConsoleOutput))
#29 /home/vagrant/phpServer/twitter/vendor/laravel/framework/src/Illuminate/Foundation/Console/Kernel.php(123): Symfony\Component\Console\Application->run(Object(Symfony\Component\Console\Input\ArgvInput), Object(Symfony\Component\Console\Output\ConsoleOutput))
#30 /home/vagrant/phpServer/twitter/artisan(35): Illuminate\Foundation\Console\Kernel->handle(Object(Symfony\Component\Console\Input\ArgvInput), Object(Symfony\Component\Console\Output\ConsoleOutput))
#31 {main}

Next Illuminate\Database\QueryException: SQLSTATE[HY000] [1049] Unknown database 'twitter' (SQL: select * from information_schema.tables where table_schema = twitter and table_name = migrations) in /home/vagrant/phpServer/twitter/vendor/laravel/framework/src/Illuminate/Database/Connection.php:647
Stack trace:
#0 /home/vagrant/phpServer/twitter/vendor/laravel/framework/src/Illuminate/Database/Connection.php(607): Illuminate\Database\Connection->runQueryCallback('select * from i...', Array, Object(Closure))
#1 /home/vagrant/phpServer/twitter/vendor/laravel/framework/src/Illuminate/Database/Connection.php(326): Illuminate\Database\Connection->run('select * from i...', Array, Object(Closure))
#2 /home/vagrant/phpServer/twitter/vendor/laravel/framework/src/Illuminate/Database/Schema/MySqlBuilder.php(18): Illuminate\Database\Connection->select('select * from i...', Array)
#3 /home/vagrant/phpServer/twitter/vendor/laravel/framework/src/Illuminate/Database/Migrations/DatabaseMigrationRepository.php(154): Illuminate\Database\Schema\MySqlBuilder->hasTable('migrations')
#4 /home/vagrant/phpServer/twitter/vendor/laravel/framework/src/Illuminate/Database/Migrations/Migrator.php(526): Illuminate\Database\Migrations\DatabaseMigrationRepository->repositoryExists()
#5 /home/vagrant/phpServer/twitter/vendor/laravel/framework/src/Illuminate/Database/Console/Migrations/MigrateCommand.php(96): Illuminate\Database\Migrations\Migrator->repositoryExists()
#6 /home/vagrant/phpServer/twitter/vendor/laravel/framework/src/Illuminate/Database/Console/Migrations/MigrateCommand.php(62): Illuminate\Database\Console\Migrations\MigrateCommand->prepareDatabase()
#7 [internal function]: Illuminate\Database\Console\Migrations\MigrateCommand->fire()
#8 /home/vagrant/phpServer/twitter/vendor/laravel/framework/src/Illuminate/Container/BoundMethod.php(28): call_user_func_array(Array, Array)
#9 /home/vagrant/phpServer/twitter/vendor/laravel/framework/src/Illuminate/Support/helpers.php(912): Illuminate\Container\BoundMethod::Illuminate\Container\{closure}()
#10 /home/vagrant/phpServer/twitter/vendor/laravel/framework/src/Illuminate/Container/BoundMethod.php(86): value(Object(Closure))
#11 /home/vagrant/phpServer/twitter/vendor/laravel/framework/src/Illuminate/Container/BoundMethod.php(30): Illuminate\Container\BoundMethod::callBoundMethod(Object(Illuminate\Foundation\Application), Array, Object(Closure))
#12 /home/vagrant/phpServer/twitter/vendor/laravel/framework/src/Illuminate/Container/Container.php(524): Illuminate\Container\BoundMethod::call(Object(Illuminate\Foundation\Application), Array, Array, NULL)
#13 /home/vagrant/phpServer/twitter/vendor/laravel/framework/src/Illuminate/Console/Command.php(182): Illuminate\Container\Container->call(Array)
#14 /home/vagrant/phpServer/twitter/vendor/symfony/console/Command/Command.php(262): Illuminate\Console\Command->execute(Object(Symfony\Component\Console\Input\ArgvInput), Object(Illuminate\Console\OutputStyle))
#15 /home/vagrant/phpServer/twitter/vendor/laravel/framework/src/Illuminate/Console/Command.php(167): Symfony\Component\Console\Command\Command->run(Object(Symfony\Component\Console\Input\ArgvInput), Object(Illuminate\Console\OutputStyle))
#16 /home/vagrant/phpServer/twitter/vendor/symfony/console/Application.php(826): Illuminate\Console\Command->run(Object(Symfony\Component\Console\Input\ArgvInput), Object(Symfony\Component\Console\Output\ConsoleOutput))
#17 /home/vagrant/phpServer/twitter/vendor/symfony/console/Application.php(189): Symfony\Component\Console\Application->doRunCommand(Object(Illuminate\Database\Console\Migrations\MigrateCommand), Object(Symfony\Component\Console\Input\ArgvInput), Object(Symfony\Component\Console\Output\ConsoleOutput))
#18 /home/vagrant/phpServer/twitter/vendor/symfony/console/Application.php(120): Symfony\Component\Console\Application->doRun(Object(Symfony\Component\Console\Input\ArgvInput), Object(Symfony\Component\Console\Output\ConsoleOutput))
#19 /home/vagrant/phpServer/twitter/vendor/laravel/framework/src/Illuminate/Foundation/Console/Kernel.php(123): Symfony\Component\Console\Application->run(Object(Symfony\Component\Console\Input\ArgvInput), Object(Symfony\Component\Console\Output\ConsoleOutput))
#20 /home/vagrant/phpServer/twitter/artisan(35): Illuminate\Foundation\Console\Kernel->handle(Object(Symfony\Component\Console\Input\ArgvInput), Object(Symfony\Component\Console\Output\ConsoleOutput))
#21 {main}  
